SF:lib/main.dart
DA:9,0
DA:10,0
DA:11,0
DA:13,0
DA:17,2
DA:20,1
DA:22,1
DA:25,1
DA:41,3
DA:44,2
DA:46,2
DA:48,1
DA:49,1
DA:57,0
DA:70,0
DA:71,0
DA:77,0
DA:78,0
DA:84,0
DA:88,0
DA:96,0
DA:97,0
DA:101,0
DA:104,0
DA:106,0
DA:109,0
DA:124,0
DA:128,0
DA:129,0
DA:130,0
DA:135,0
DA:136,0
LF:32
LH:9
end_of_record
SF:lib/pages/home.dart
DA:11,1
DA:13,1
DA:14,1
DA:22,1
DA:24,4
DA:25,0
DA:26,0
DA:29,4
DA:30,0
DA:31,0
DA:32,0
DA:33,0
DA:36,2
DA:37,1
DA:41,1
DA:42,2
DA:43,1
DA:44,2
DA:45,1
DA:46,2
DA:47,1
DA:50,2
DA:51,1
DA:55,1
DA:57,1
DA:58,2
DA:59,1
DA:61,1
DA:62,2
DA:63,1
DA:64,2
DA:65,1
DA:66,1
DA:67,4
DA:68,1
DA:69,1
DA:71,1
DA:72,3
DA:73,1
DA:75,1
DA:78,0
DA:79,0
LF:42
LH:34
end_of_record
SF:lib/common/app_colors.dart
DA:3,3
DA:6,3
DA:8,1
DA:10,1
DA:11,1
DA:14,1
DA:15,2
DA:18,1
DA:19,2
DA:22,0
DA:23,0
DA:26,0
DA:27,0
DA:30,0
DA:31,0
DA:34,1
DA:35,2
LF:17
LH:11
end_of_record
SF:lib/common/extension.dart
DA:9,1
DA:10,1
DA:11,1
DA:13,3
DA:15,1
DA:17,3
DA:18,3
DA:20,1
DA:26,1
DA:27,1
DA:34,1
DA:36,1
DA:40,1
DA:42,1
DA:49,1
DA:57,1
DA:60,1
DA:61,1
DA:62,0
DA:63,0
DA:66,1
DA:67,1
DA:71,1
DA:72,2
DA:74,1
DA:75,2
DA:76,1
DA:77,1
DA:78,1
DA:81,2
DA:88,2
DA:89,1
DA:96,1
DA:98,1
LF:34
LH:32
end_of_record
SF:lib/model/todo.dart
DA:11,1
DA:19,1
DA:20,1
DA:21,1
DA:22,1
DA:23,2
DA:24,1
DA:25,1
DA:29,1
DA:30,2
DA:31,2
DA:32,2
DA:33,3
DA:34,2
DA:35,2
DA:38,1
DA:45,1
DA:46,1
DA:47,0
DA:48,0
DA:49,1
DA:50,1
DA:51,0
LF:23
LH:20
end_of_record
SF:lib/services/todo_service.dart
DA:10,1
DA:11,3
DA:13,5
DA:17,1
DA:18,3
DA:20,2
DA:21,5
DA:25,0
DA:26,0
DA:28,0
DA:31,0
DA:33,0
DA:34,0
DA:40,1
DA:41,3
DA:43,1
DA:45,3
DA:48,2
DA:50,1
DA:51,4
DA:57,0
DA:58,0
DA:61,0
DA:62,0
DA:63,0
DA:68,0
DA:69,0
DA:71,0
LF:28
LH:14
end_of_record
SF:lib/event/events.dart
DA:3,3
DA:5,0
LF:2
LH:1
end_of_record
SF:lib/pages/main_page.dart
DA:14,1
DA:16,1
DA:17,1
DA:34,5
DA:36,1
DA:38,3
DA:39,3
DA:40,3
DA:42,4
DA:44,1
DA:46,2
DA:47,2
DA:50,0
DA:52,0
DA:53,0
DA:54,0
DA:57,1
DA:59,1
DA:60,1
DA:61,2
DA:69,3
DA:70,1
DA:71,2
DA:72,1
DA:73,2
DA:89,0
DA:90,0
DA:91,0
DA:92,0
DA:96,1
DA:97,2
DA:99,1
DA:100,1
DA:102,1
DA:109,1
DA:110,2
DA:111,1
DA:112,1
DA:113,1
DA:114,1
DA:121,1
DA:122,1
DA:129,1
DA:131,1
DA:135,1
DA:145,1
DA:147,1
DA:150,1
DA:158,1
DA:162,1
DA:166,1
DA:169,1
DA:170,1
DA:171,0
DA:172,0
DA:175,1
DA:176,1
DA:181,1
DA:182,2
DA:184,1
DA:185,3
DA:186,0
DA:190,0
DA:191,0
DA:195,2
DA:196,1
DA:197,2
DA:198,2
DA:202,2
DA:204,2
DA:205,2
DA:207,1
DA:208,1
DA:209,3
DA:210,1
DA:211,1
DA:217,1
DA:218,1
LF:78
LH:65
end_of_record
SF:lib/routes/app_pages.dart
DA:10,3
DA:11,0
DA:12,0
DA:13,0
LF:4
LH:1
end_of_record
SF:lib/services/db_serivice.dart
DA:10,1
DA:11,1
DA:12,0
DA:14,2
DA:15,1
DA:18,1
DA:19,1
DA:21,1
DA:22,2
DA:23,1
DA:24,1
LF:11
LH:10
end_of_record
SF:lib/pages/all_list.dart
DA:11,2
DA:13,1
DA:14,1
DA:22,1
DA:24,4
DA:25,0
DA:26,0
DA:29,1
DA:32,0
DA:34,0
DA:35,0
DA:36,0
DA:38,0
DA:39,0
DA:40,0
DA:41,0
DA:42,0
DA:45,0
DA:46,0
DA:50,1
DA:52,1
DA:53,2
DA:54,1
DA:56,1
DA:57,2
DA:58,0
DA:59,0
DA:60,0
DA:61,0
DA:62,0
DA:63,0
DA:64,0
DA:66,0
DA:67,0
DA:68,0
DA:70,0
DA:73,0
DA:74,0
LF:38
LH:12
end_of_record
SF:lib/widget/slide_able_todo.dart
DA:15,1
DA:21,1
DA:23,1
DA:24,1
DA:25,1
DA:26,1
DA:29,1
DA:33,0
DA:34,0
DA:35,0
DA:49,1
DA:51,1
DA:55,0
DA:57,0
DA:62,0
DA:64,0
DA:65,0
DA:67,0
DA:69,0
DA:71,1
DA:72,3
DA:89,1
DA:90,1
DA:92,1
DA:93,3
DA:97,1
DA:100,1
DA:101,1
DA:103,5
DA:109,1
DA:110,3
DA:111,1
DA:112,2
DA:114,4
DA:115,1
DA:116,1
DA:117,3
DA:125,1
DA:127,1
DA:128,1
DA:130,2
DA:131,1
DA:132,1
DA:133,4
DA:146,0
LF:45
LH:34
end_of_record
SF:lib/pages/done_list.dart
DA:11,2
DA:13,1
DA:14,1
DA:22,1
DA:24,4
DA:25,0
DA:26,0
DA:29,1
DA:32,0
DA:34,0
DA:35,0
DA:36,0
DA:38,0
DA:39,0
DA:40,0
DA:41,0
DA:42,0
DA:45,0
DA:46,0
DA:50,1
DA:52,1
DA:53,2
DA:54,1
DA:56,1
DA:57,2
DA:58,0
DA:59,0
DA:60,0
DA:61,0
DA:62,0
DA:63,0
DA:64,0
DA:66,0
DA:67,0
DA:68,0
DA:70,0
DA:73,0
DA:74,0
DA:81,0
LF:39
LH:12
end_of_record
